0 info it worked if it ends with ok
1 verbose cli [ 'C:\\Program Files\\nodejs\\node.exe',
1 verbose cli   'C:\\Program Files\\nodejs\\node_modules\\npm\\bin\\npm-cli.js',
1 verbose cli   'run',
1 verbose cli   'watch:js' ]
2 info using npm@3.10.10
3 info using node@v6.11.2
4 verbose run-script [ 'prewatch:js', 'watch:js', 'postwatch:js' ]
5 info lifecycle vuejs-authentication@1.0.0~prewatch:js: vuejs-authentication@1.0.0
6 silly lifecycle vuejs-authentication@1.0.0~prewatch:js: no script for prewatch:js, continuing
7 info lifecycle vuejs-authentication@1.0.0~watch:js: vuejs-authentication@1.0.0
8 verbose lifecycle vuejs-authentication@1.0.0~watch:js: unsafe-perm in lifecycle true
9 verbose lifecycle vuejs-authentication@1.0.0~watch:js: PATH: C:\Program Files\nodejs\node_modules\npm\bin\node-gyp-bin;C:\Users\rober\Documents\express\vuejs-authentication\node_modules\.bin;C:\Program Files\nodejs\node_modules\npm\bin\node-gyp-bin;C:\Users\rober\Documents\express\vuejs-authentication\node_modules\.bin;C:\Program Files\Python36\Scripts\;C:\Program Files\Python36\;c:\Program Files\Java\jdk1.8.0_144\bin;C:\Program Files\nodejs\;C:\Program Files\Git\cmd;C:\Program Files\Microsoft SQL Server\130\Tools\Binn\;C:\Program Files\dotnet\;C:\Users\rober\AppData\Local\Android\sdk\platform-tools;C:\Program Files\Java\jdk1.8.0_144\bin;C:\Program Files\Android\Android Studio\gradle\gradle-3.2\bin;C:\Windows\System32\;C:\Users\rober\AppData\Local\Microsoft\WindowsApps;C:\Program Files\Microsoft VS Code\bin;C:\Users\rober\AppData\Roaming\npm;C:\Users\rober\AppData\Local\.meteor\;C:\Program Files\Heroku\bin
10 verbose lifecycle vuejs-authentication@1.0.0~watch:js: CWD: C:\Users\rober\Documents\express\vuejs-authentication
11 silly lifecycle vuejs-authentication@1.0.0~watch:js: Args: [ '/d /s /c',
11 silly lifecycle   'watchify src/app.js -t vueify -t babelify -p browserify-hmr -p [ vueify/public/extract-css -o public/styles.bundle.css ] -o public/app.bundle.js' ]
12 silly lifecycle vuejs-authentication@1.0.0~watch:js: Returned: code: 1  signal: null
13 info lifecycle vuejs-authentication@1.0.0~watch:js: Failed to exec watch:js script
14 verbose stack Error: vuejs-authentication@1.0.0 watch:js: `watchify src/app.js -t vueify -t babelify -p browserify-hmr -p [ vueify/public/extract-css -o public/styles.bundle.css ] -o public/app.bundle.js`
14 verbose stack Exit status 1
14 verbose stack     at EventEmitter.<anonymous> (C:\Program Files\nodejs\node_modules\npm\lib\utils\lifecycle.js:255:16)
14 verbose stack     at emitTwo (events.js:106:13)
14 verbose stack     at EventEmitter.emit (events.js:191:7)
14 verbose stack     at ChildProcess.<anonymous> (C:\Program Files\nodejs\node_modules\npm\lib\utils\spawn.js:40:14)
14 verbose stack     at emitTwo (events.js:106:13)
14 verbose stack     at ChildProcess.emit (events.js:191:7)
14 verbose stack     at maybeClose (internal/child_process.js:891:16)
14 verbose stack     at Process.ChildProcess._handle.onexit (internal/child_process.js:226:5)
15 verbose pkgid vuejs-authentication@1.0.0
16 verbose cwd C:\Users\rober\Documents\express\vuejs-authentication
17 error Windows_NT 10.0.15063
18 error argv "C:\\Program Files\\nodejs\\node.exe" "C:\\Program Files\\nodejs\\node_modules\\npm\\bin\\npm-cli.js" "run" "watch:js"
19 error node v6.11.2
20 error npm  v3.10.10
21 error code ELIFECYCLE
22 error vuejs-authentication@1.0.0 watch:js: `watchify src/app.js -t vueify -t babelify -p browserify-hmr -p [ vueify/public/extract-css -o public/styles.bundle.css ] -o public/app.bundle.js`
22 error Exit status 1
23 error Failed at the vuejs-authentication@1.0.0 watch:js script 'watchify src/app.js -t vueify -t babelify -p browserify-hmr -p [ vueify/public/extract-css -o public/styles.bundle.css ] -o public/app.bundle.js'.
23 error Make sure you have the latest version of node.js and npm installed.
23 error If you do, this is most likely a problem with the vuejs-authentication package,
23 error not with npm itself.
23 error Tell the author that this fails on your system:
23 error     watchify src/app.js -t vueify -t babelify -p browserify-hmr -p [ vueify/public/extract-css -o public/styles.bundle.css ] -o public/app.bundle.js
23 error You can get information on how to open an issue for this project with:
23 error     npm bugs vuejs-authentication
23 error Or if that isn't available, you can get their info via:
23 error     npm owner ls vuejs-authentication
23 error There is likely additional logging output above.
24 verbose exit [ 1, true ]
